<?xml version="1.0" encoding="utf-8" standalone="no"?>
<test-results xmlns:xsi="http://www.w3.org/2001/XMLSchema-instance" xsi:noNamespaceSchemaLocation="nunit_schema_2.5.xsd" name="Pester" total="3" errors="0" failures="3" not-run="0" inconclusive="0" ignored="0" skipped="0" invalid="0" date="2026-04-19" time="09:33:09">
  <environment cwd="/home/runner/work/dbatools-githubactions/dbatools-githubactions" platform="Linux" user="runner" machine-name="runnervmeorf1" nunit-version="2.5.8.0" user-domain="" clr-version="8.0.25" os-version="6.17.0-1010-azure" />
  <culture-info current-culture="" current-uiculture="" />
  <test-suite type="TestFixture" name="Pester" executed="True" result="Failure" success="False" time="4.3538" asserts="0" description="Pester">
    <results>
      <test-suite type="TestFixture" name="/home/runner/work/dbatools-githubactions/dbatools-githubactions/demos/tests/demos.tests.ps1" executed="True" result="Failure" success="False" time="4.3538" asserts="0" description="/home/runner/work/dbatools-githubactions/dbatools-githubactions/demos/tests/demos.tests.ps1">
        <results>
          <test-suite type="TestFixture" name="Check for unwanted files in .github/workflows" executed="True" result="Failure" success="False" time="0.163" asserts="0" description="Check for unwanted files in .github/workflows">
            <results>
              <test-case description="File 'stale.yml' should not exist in .github/workflows" name="Check for unwanted files in .github/workflows.File 'stale.yml' should not exist in .github/workflows" time="0.1154" asserts="0" success="False" result="Failure" executed="True">
                <failure>
                  <message>RuntimeException: Legacy Should syntax (without dashes) is not supported in Pester 5. Please refer to migration guide at: https://pester.dev/docs/v5/migrations/v3-to-v4
RuntimeException: Legacy Should syntax (without dashes) is not supported in Pester 5. Please refer to migration guide at: https://pester.dev/docs/v5/migrations/v3-to-v4
ParameterBindingException: Cannot retrieve the dynamic parameters for the cmdlet. Legacy Should syntax (without dashes) is not supported in Pester 5. Please refer to migration guide at: https://pester.dev/docs/v5/migrations/v3-to-v4</message>
                  <stack-trace>at &lt;ScriptBlock&gt;, /home/runner/work/dbatools-githubactions/dbatools-githubactions/demos/tests/demos.tests.ps1:9</stack-trace>
                </failure>
              </test-case>
              <test-case description="File 'summary.yml' should not exist in .github/workflows" name="Check for unwanted files in .github/workflows.File 'summary.yml' should not exist in .github/workflows" time="0.0162" asserts="0" success="False" result="Failure" executed="True">
                <failure>
                  <message>RuntimeException: Legacy Should syntax (without dashes) is not supported in Pester 5. Please refer to migration guide at: https://pester.dev/docs/v5/migrations/v3-to-v4
RuntimeException: Legacy Should syntax (without dashes) is not supported in Pester 5. Please refer to migration guide at: https://pester.dev/docs/v5/migrations/v3-to-v4
ParameterBindingException: Cannot retrieve the dynamic parameters for the cmdlet. Legacy Should syntax (without dashes) is not supported in Pester 5. Please refer to migration guide at: https://pester.dev/docs/v5/migrations/v3-to-v4</message>
                  <stack-trace>at &lt;ScriptBlock&gt;, /home/runner/work/dbatools-githubactions/dbatools-githubactions/demos/tests/demos.tests.ps1:9</stack-trace>
                </failure>
              </test-case>
            </results>
          </test-suite>
          <test-suite type="TestFixture" name="Check for unwanted CatOwners.sql file in tables database folder" executed="True" result="Failure" success="False" time="0.181" asserts="0" description="Check for unwanted CatOwners.sql file in tables database folder">
            <results>
              <test-case description="File 'CatOwners.sql' should not exist in databases/CatsOfTheWorld/dbo/tables" name="Check for unwanted CatOwners.sql file in tables database folder.File 'CatOwners.sql' should not exist in databases/CatsOfTheWorld/dbo/tables" time="0.0114" asserts="0" success="False" result="Failure" executed="True">
                <failure>
                  <message>RuntimeException: Legacy Should syntax (without dashes) is not supported in Pester 5. Please refer to migration guide at: https://pester.dev/docs/v5/migrations/v3-to-v4
RuntimeException: Legacy Should syntax (without dashes) is not supported in Pester 5. Please refer to migration guide at: https://pester.dev/docs/v5/migrations/v3-to-v4
ParameterBindingException: Cannot retrieve the dynamic parameters for the cmdlet. Legacy Should syntax (without dashes) is not supported in Pester 5. Please refer to migration guide at: https://pester.dev/docs/v5/migrations/v3-to-v4</message>
                  <stack-trace>at &lt;ScriptBlock&gt;, /home/runner/work/dbatools-githubactions/dbatools-githubactions/demos/tests/demos.tests.ps1:19</stack-trace>
                </failure>
              </test-case>
            </results>
          </test-suite>
        </results>
      </test-suite>
    </results>
  </test-suite>
</test-results>